Started GET "/" for 127.0.0.1 at 2017-10-29 02:34:22 +0100
Processing by Rails::WelcomeController#index as HTML
  Rendering /Users/radek2r/.rvm/gems/ruby-2.3.1@hack_yeah_ppp/gems/railties-5.1.4/lib/rails/templates/rails/welcome/index.html.erb
  Rendered /Users/radek2r/.rvm/gems/ruby-2.3.1@hack_yeah_ppp/gems/railties-5.1.4/lib/rails/templates/rails/welcome/index.html.erb (3.7ms)
Completed 200 OK in 213ms (Views: 9.4ms)


Started GET "/" for 127.0.0.1 at 2017-10-29 02:39:53 +0100
Processing by Rails::WelcomeController#index as HTML
  Rendering /Users/radek2r/.rvm/gems/ruby-2.3.1@hack_yeah_ppp/gems/railties-5.1.4/lib/rails/templates/rails/welcome/index.html.erb
  Rendered /Users/radek2r/.rvm/gems/ruby-2.3.1@hack_yeah_ppp/gems/railties-5.1.4/lib/rails/templates/rails/welcome/index.html.erb (4.7ms)
Completed 200 OK in 182ms (Views: 12.3ms)


Started GET "/" for 127.0.0.1 at 2017-10-29 02:46:24 +0100
Processing by Rails::WelcomeController#index as HTML
  Rendering /Users/radek2r/.rvm/gems/ruby-2.3.1@hack_yeah_ppp/gems/railties-5.1.4/lib/rails/templates/rails/welcome/index.html.erb
  Rendered /Users/radek2r/.rvm/gems/ruby-2.3.1@hack_yeah_ppp/gems/railties-5.1.4/lib/rails/templates/rails/welcome/index.html.erb (3.5ms)
Completed 200 OK in 168ms (Views: 10.8ms)


Started GET "/api/v1/verify" for 127.0.0.1 at 2017-10-29 02:46:55 +0100
  
ActionController::RoutingError (undefined method `respond_to' for Api::V1::BaseController:Class
Did you mean?  respond_to?):
  
app/controllers/api/v1/base_controller.rb:9:in `<class:BaseController>'
app/controllers/api/v1/base_controller.rb:3:in `<module:V1>'
app/controllers/api/v1/base_controller.rb:2:in `<module:Api>'
app/controllers/api/v1/base_controller.rb:1:in `<top (required)>'
app/controllers/api/v1/verification_controller.rb:3:in `<module:V1>'
app/controllers/api/v1/verification_controller.rb:2:in `<module:Api>'
app/controllers/api/v1/verification_controller.rb:1:in `<top (required)>'
Started GET "/api/v1/verify" for 127.0.0.1 at 2017-10-29 02:47:26 +0100
Processing by Api::V1::VerificationController#show as JSON
Completed 200 OK in 139ms (Views: 0.3ms)


Started GET "/api/v1/verify" for 127.0.0.1 at 2017-10-29 02:47:29 +0100
Processing by Api::V1::VerificationController#show as JSON
Completed 200 OK in 0ms (Views: 0.2ms)


